#-----------------------------------------------------------
# Vivado v2016.2 (64-bit)
# SW Build 1577090 on Thu Jun  2 16:32:40 MDT 2016
# IP Build 1577682 on Fri Jun  3 12:00:54 MDT 2016
# Start of session at: Tue Jan 07 07:34:14 2020
# Process ID: 6744
# Current directory: C:/Users/zjd/police
# Command line: vivado.exe -gui_launcher_event rodinguilauncherevent22460 C:\Users\zjd\police\police.xpr
# Log file: C:/Users/zjd/police/vivado.log
# Journal file: C:/Users/zjd/police\vivado.jou
#-----------------------------------------------------------
start_gui
open_project C:/Users/zjd/police/police.xpr
Scanning sources...
Finished scanning sources
INFO: [IP_Flow 19-234] Refreshing IP repositories
INFO: [IP_Flow 19-1704] No user IP repositories specified
INFO: [IP_Flow 19-2313] Loaded Vivado IP repository 'E:/shuziluoji/Xilinx/Vivado/2016.2/data/ip'.
open_project: Time (s): cpu = 00:00:20 ; elapsed = 00:00:14 . Memory (MB): peak = 925.398 ; gain = 306.750
update_compile_order -fileset sources_1
close [ open C:/Users/zjd/police/police.srcs/sources_1/new/ps2_transmitter.v w ]
add_files C:/Users/zjd/police/police.srcs/sources_1/new/ps2_transmitter.v
update_compile_order -fileset sources_1
update_compile_order -fileset sources_1
reset_run synth_1
launch_runs impl_1 -to_step write_bitstream -jobs 4
[Tue Jan 07 07:43:45 2020] Launched synth_1...
Run output will be captured here: C:/Users/zjd/police/police.runs/synth_1/runme.log
[Tue Jan 07 07:43:45 2020] Launched impl_1...
Run output will be captured here: C:/Users/zjd/police/police.runs/impl_1/runme.log
reset_run synth_1
launch_runs impl_1 -to_step write_bitstream -jobs 4
[Tue Jan 07 08:04:13 2020] Launched synth_1...
Run output will be captured here: C:/Users/zjd/police/police.runs/synth_1/runme.log
[Tue Jan 07 08:04:13 2020] Launched impl_1...
Run output will be captured here: C:/Users/zjd/police/police.runs/impl_1/runme.log
open_hw
connect_hw_server
INFO: [Labtools 27-2285] Connecting to hw_server url TCP:localhost:3121
INFO: [Labtools 27-2222] Launching hw_server...
INFO: [Labtools 27-2221] Launch Output:

****** Xilinx hw_server v2016.2
  **** Build date : Jun  2 2016-16:57:03
    ** Copyright 1986-2016 Xilinx, Inc. All Rights Reserved.


connect_hw_server: Time (s): cpu = 00:00:02 ; elapsed = 00:00:15 . Memory (MB): peak = 992.793 ; gain = 9.523
open_hw_target
INFO: [Labtoolstcl 44-466] Opening hw_target localhost:3121/xilinx_tcf/Digilent/210292709808A
set_property PROGRAM.FILE {C:/Users/zjd/police/police.runs/impl_1/police_top.bit} [lindex [get_hw_devices] 0]
current_hw_device [lindex [get_hw_devices] 0]
refresh_hw_device -update_hw_probes false [lindex [get_hw_devices] 0]
INFO: [Labtools 27-1434] Device xc7a100t (JTAG device index = 0) is programmed with a design that has no supported debug core(s) in it.
WARNING: [Labtools 27-3123] The debug hub core was not detected at User Scan Chain 1 or 3.
Resolution: 
1. Make sure the clock connected to the debug hub (dbg_hub) core is a free running clock and is active OR
2. Manually launch hw_server with -e "set xsdb-user-bscan <C_USER_SCAN_CHAIN scan_chain_number>" to detect the debug hub at User Scan Chain of 2 or 4. To determine the user scan chain setting, open the implemented design and use: get_property C_USER_SCAN_CHAIN [get_debug_cores dbg_hub].
set_property PROBES.FILE {} [lindex [get_hw_devices] 0]
set_property PROGRAM.FILE {C:/Users/zjd/police/police.runs/impl_1/police_top.bit} [lindex [get_hw_devices] 0]
program_hw_devices [lindex [get_hw_devices] 0]
INFO: [Labtools 27-3164] End of startup status: HIGH
refresh_hw_device [lindex [get_hw_devices] 0]
INFO: [Labtools 27-1434] Device xc7a100t (JTAG device index = 0) is programmed with a design that has no supported debug core(s) in it.
WARNING: [Labtools 27-3123] The debug hub core was not detected at User Scan Chain 1 or 3.
Resolution: 
1. Make sure the clock connected to the debug hub (dbg_hub) core is a free running clock and is active OR
2. Manually launch hw_server with -e "set xsdb-user-bscan <C_USER_SCAN_CHAIN scan_chain_number>" to detect the debug hub at User Scan Chain of 2 or 4. To determine the user scan chain setting, open the implemented design and use: get_property C_USER_SCAN_CHAIN [get_debug_cores dbg_hub].
reset_run synth_1
launch_runs impl_1 -to_step write_bitstream -jobs 4
[Tue Jan 07 08:11:37 2020] Launched synth_1...
Run output will be captured here: C:/Users/zjd/police/police.runs/synth_1/runme.log
[Tue Jan 07 08:11:37 2020] Launched impl_1...
Run output will be captured here: C:/Users/zjd/police/police.runs/impl_1/runme.log
set_property PROBES.FILE {} [lindex [get_hw_devices] 0]
set_property PROGRAM.FILE {C:/Users/zjd/police/police.runs/impl_1/police_top.bit} [lindex [get_hw_devices] 0]
program_hw_devices [lindex [get_hw_devices] 0]
INFO: [Labtools 27-3164] End of startup status: HIGH
refresh_hw_device [lindex [get_hw_devices] 0]
INFO: [Labtools 27-1434] Device xc7a100t (JTAG device index = 0) is programmed with a design that has no supported debug core(s) in it.
WARNING: [Labtools 27-3123] The debug hub core was not detected at User Scan Chain 1 or 3.
Resolution: 
1. Make sure the clock connected to the debug hub (dbg_hub) core is a free running clock and is active OR
2. Manually launch hw_server with -e "set xsdb-user-bscan <C_USER_SCAN_CHAIN scan_chain_number>" to detect the debug hub at User Scan Chain of 2 or 4. To determine the user scan chain setting, open the implemented design and use: get_property C_USER_SCAN_CHAIN [get_debug_cores dbg_hub].
reset_run synth_1
launch_runs impl_1 -to_step write_bitstream -jobs 4
[Tue Jan 07 08:24:30 2020] Launched synth_1...
Run output will be captured here: C:/Users/zjd/police/police.runs/synth_1/runme.log
[Tue Jan 07 08:24:30 2020] Launched impl_1...
Run output will be captured here: C:/Users/zjd/police/police.runs/impl_1/runme.log
synth_design -rtl -name rtl_1
Command: synth_design -rtl -name rtl_1
Starting synth_design
Using part: xc7a100tcsg324-1
Top: police_top
WARNING: [Synth 8-976] speaker_on has already been declared [C:/Users/zjd/police/police.srcs/sources_1/new/text.v:15]
WARNING: [Synth 8-2654] second declaration of speaker_on ignored [C:/Users/zjd/police/police.srcs/sources_1/new/text.v:15]
INFO: [Synth 8-994] speaker_on is declared here [C:/Users/zjd/police/police.srcs/sources_1/new/text.v:14]
---------------------------------------------------------------------------------
Starting RTL Elaboration : Time (s): cpu = 00:04:03 ; elapsed = 00:50:42 . Memory (MB): peak = 1139.336 ; gain = 932.012
---------------------------------------------------------------------------------
INFO: [Synth 8-638] synthesizing module 'police_top' [C:/Users/zjd/police/police.srcs/sources_1/new/police_top.v:7]
INFO: [Synth 8-638] synthesizing module 'game_state' [C:/Users/zjd/police/police.srcs/sources_1/new/game_state.v:7]
INFO: [Synth 8-226] default block is never used [C:/Users/zjd/police/police.srcs/sources_1/new/game_state.v:23]
INFO: [Synth 8-256] done synthesizing module 'game_state' (1#1) [C:/Users/zjd/police/police.srcs/sources_1/new/game_state.v:7]
INFO: [Synth 8-638] synthesizing module 'vga_sync' [C:/Users/zjd/police/police.srcs/sources_1/new/vga_sync.v:6]
	Parameter h_total bound to: 800 - type: integer 
	Parameter v_total bound to: 525 - type: integer 
	Parameter h_s bound to: 96 - type: integer 
	Parameter h_b bound to: 16 - type: integer 
	Parameter h_d bound to: 640 - type: integer 
	Parameter h_f bound to: 48 - type: integer 
	Parameter v_s bound to: 2 - type: integer 
	Parameter v_b bound to: 33 - type: integer 
	Parameter v_d bound to: 480 - type: integer 
	Parameter v_f bound to: 10 - type: integer 
INFO: [Synth 8-256] done synthesizing module 'vga_sync' (2#1) [C:/Users/zjd/police/police.srcs/sources_1/new/vga_sync.v:6]
INFO: [Synth 8-638] synthesizing module 'vga_display' [C:/Users/zjd/police/police.srcs/sources_1/new/vga_display.v:8]
INFO: [Synth 8-638] synthesizing module 'text' [C:/Users/zjd/police/police.srcs/sources_1/new/text.v:3]
INFO: [Synth 8-638] synthesizing module 'font_rom' [C:/Users/zjd/police/police.srcs/sources_1/new/font_rom.v:36]
INFO: [Synth 8-155] case statement is not full and has no default [C:/Users/zjd/police/police.srcs/sources_1/new/font_rom.v:51]
INFO: [Synth 8-256] done synthesizing module 'font_rom' (3#1) [C:/Users/zjd/police/police.srcs/sources_1/new/font_rom.v:36]
WARNING: [Synth 8-387] label required on module instance [C:/Users/zjd/police/police.srcs/sources_1/new/text.v:30]
INFO: [Synth 8-638] synthesizing module 'title' [C:/Users/zjd/police/police.srcs/sources_1/new/title.v:23]
	Parameter text_l bound to: 64 - type: integer 
	Parameter text_t bound to: 10 - type: integer 
	Parameter max_x bound to: 192 - type: integer 
	Parameter max_y bound to: 64 - type: integer 
INFO: [Synth 8-256] done synthesizing module 'title' (4#1) [C:/Users/zjd/police/police.srcs/sources_1/new/title.v:23]
WARNING: [Synth 8-387] label required on module instance [C:/Users/zjd/police/police.srcs/sources_1/new/text.v:31]
INFO: [Synth 8-638] synthesizing module 'paratitle' [C:/Users/zjd/police/police.srcs/sources_1/new/paratitle.v:23]
	Parameter text_l bound to: 6 - type: integer 
	Parameter text_t bound to: 84 - type: integer 
	Parameter max_x bound to: 288 - type: integer 
	Parameter max_y bound to: 64 - type: integer 
INFO: [Synth 8-256] done synthesizing module 'paratitle' (5#1) [C:/Users/zjd/police/police.srcs/sources_1/new/paratitle.v:23]
WARNING: [Synth 8-387] label required on module instance [C:/Users/zjd/police/police.srcs/sources_1/new/text.v:32]
INFO: [Synth 8-638] synthesizing module 'time_text' [C:/Users/zjd/police/police.srcs/sources_1/new/time_text.v:23]
	Parameter text_l bound to: 6 - type: integer 
	Parameter text_t bound to: 410 - type: integer 
	Parameter max_x bound to: 288 - type: integer 
	Parameter max_y bound to: 64 - type: integer 
INFO: [Synth 8-256] done synthesizing module 'time_text' (6#1) [C:/Users/zjd/police/police.srcs/sources_1/new/time_text.v:23]
WARNING: [Synth 8-387] label required on module instance [C:/Users/zjd/police/police.srcs/sources_1/new/text.v:33]
INFO: [Synth 8-638] synthesizing module 'score' [C:/Users/zjd/police/police.srcs/sources_1/new/score.v:23]
	Parameter text_l bound to: 6 - type: integer 
	Parameter text_t bound to: 340 - type: integer 
	Parameter max_x bound to: 288 - type: integer 
	Parameter max_y bound to: 64 - type: integer 
INFO: [Synth 8-256] done synthesizing module 'score' (7#1) [C:/Users/zjd/police/police.srcs/sources_1/new/score.v:23]
WARNING: [Synth 8-387] label required on module instance [C:/Users/zjd/police/police.srcs/sources_1/new/text.v:34]
INFO: [Synth 8-638] synthesizing module 'siren1' [C:/Users/zjd/police/police.srcs/sources_1/new/siren1.v:23]
	Parameter text_l bound to: 32 - type: integer 
	Parameter text_t bound to: 160 - type: integer 
	Parameter max_x bound to: 96 - type: integer 
	Parameter max_y bound to: 32 - type: integer 
INFO: [Synth 8-256] done synthesizing module 'siren1' (8#1) [C:/Users/zjd/police/police.srcs/sources_1/new/siren1.v:23]
WARNING: [Synth 8-387] label required on module instance [C:/Users/zjd/police/police.srcs/sources_1/new/text.v:35]
INFO: [Synth 8-638] synthesizing module 'siren2' [C:/Users/zjd/police/police.srcs/sources_1/new/siren2.v:23]
	Parameter text_l bound to: 160 - type: integer 
	Parameter text_t bound to: 160 - type: integer 
	Parameter max_x bound to: 96 - type: integer 
	Parameter max_y bound to: 32 - type: integer 
INFO: [Synth 8-256] done synthesizing module 'siren2' (9#1) [C:/Users/zjd/police/police.srcs/sources_1/new/siren2.v:23]
WARNING: [Synth 8-387] label required on module instance [C:/Users/zjd/police/police.srcs/sources_1/new/text.v:36]
INFO: [Synth 8-638] synthesizing module 'speaker' [C:/Users/zjd/police/police.srcs/sources_1/new/speaker.v:23]
	Parameter text_l bound to: 38 - type: integer 
	Parameter text_t bound to: 256 - type: integer 
	Parameter max_x bound to: 224 - type: integer 
	Parameter max_y bound to: 64 - type: integer 
INFO: [Synth 8-256] done synthesizing module 'speaker' (10#1) [C:/Users/zjd/police/police.srcs/sources_1/new/speaker.v:23]
WARNING: [Synth 8-387] label required on module instance [C:/Users/zjd/police/police.srcs/sources_1/new/text.v:37]
INFO: [Synth 8-638] synthesizing module 'start_text' [C:/Users/zjd/police/police.srcs/sources_1/new/start_text.v:23]
	Parameter text_l bound to: 384 - type: integer 
	Parameter text_t bound to: 192 - type: integer 
	Parameter max_x bound to: 160 - type: integer 
	Parameter max_y bound to: 64 - type: integer 
INFO: [Synth 8-256] done synthesizing module 'start_text' (11#1) [C:/Users/zjd/police/police.srcs/sources_1/new/start_text.v:23]
WARNING: [Synth 8-387] label required on module instance [C:/Users/zjd/police/police.srcs/sources_1/new/text.v:38]
INFO: [Synth 8-638] synthesizing module 'game_over' [C:/Users/zjd/police/police.srcs/sources_1/new/game_over.v:45]
	Parameter text_l bound to: 384 - type: integer 
	Parameter text_t bound to: 192 - type: integer 
	Parameter max_x bound to: 160 - type: integer 
	Parameter max_y bound to: 64 - type: integer 
INFO: [Synth 8-256] done synthesizing module 'game_over' (12#1) [C:/Users/zjd/police/police.srcs/sources_1/new/game_over.v:45]
INFO: [Synth 8-256] done synthesizing module 'text' (13#1) [C:/Users/zjd/police/police.srcs/sources_1/new/text.v:3]
INFO: [Synth 8-638] synthesizing module 'cursor' [C:/Users/zjd/police/police.srcs/sources_1/new/cursor.v:9]
	Parameter MAX_X bound to: 640 - type: integer 
	Parameter MAX_Y bound to: 480 - type: integer 
	Parameter CURSOR_MAX_X bound to: 16 - type: integer 
	Parameter CURSOR_MAX_Y bound to: 16 - type: integer 
INFO: [Synth 8-256] done synthesizing module 'cursor' (14#1) [C:/Users/zjd/police/police.srcs/sources_1/new/cursor.v:9]
INFO: [Synth 8-638] synthesizing module 'road' [C:/Users/zjd/police/police.srcs/sources_1/new/road.v:8]
	Parameter DEVIDE_LEFT bound to: 310 - type: integer 
	Parameter DEVIDE_RIGHT bound to: 315 - type: integer 
INFO: [Synth 8-256] done synthesizing module 'road' (15#1) [C:/Users/zjd/police/police.srcs/sources_1/new/road.v:8]
INFO: [Synth 8-638] synthesizing module 'yellowline' [C:/Users/zjd/police/police.srcs/sources_1/new/yellowline.v:8]
	Parameter line_left bound to: 461 - type: integer 
	Parameter line_right bound to: 491 - type: integer 
INFO: [Synth 8-256] done synthesizing module 'yellowline' (16#1) [C:/Users/zjd/police/police.srcs/sources_1/new/yellowline.v:8]
INFO: [Synth 8-638] synthesizing module 'car' [C:/Users/zjd/police/police.srcs/sources_1/new/car.v:6]
	Parameter MAX_X bound to: 640 - type: integer 
	Parameter MAX_Y bound to: 480 - type: integer 
	Parameter CAR_MAX_X bound to: 64 - type: integer 
	Parameter CAR_MAX_Y bound to: 128 - type: integer 
	Parameter car_y_t bound to: 320 - type: integer 
	Parameter car_y_b bound to: 447 - type: integer 
	Parameter CAR_VELOCITY bound to: 3'b010 
INFO: [Synth 8-256] done synthesizing module 'car' (17#1) [C:/Users/zjd/police/police.srcs/sources_1/new/car.v:6]
INFO: [Synth 8-638] synthesizing module 'people' [C:/Users/zjd/police/police.srcs/sources_1/new/people.v:7]
	Parameter RANDOM bound to: 100000000 - type: integer 
	Parameter XMIN bound to: 315 - type: integer 
	Parameter YMIN bound to: 0 - type: integer 
	Parameter XMAX bound to: 640 - type: integer 
	Parameter YMAX bound to: 480 - type: integer 
	Parameter H_VELOCITY bound to: 1 - type: integer 
INFO: [Synth 8-256] done synthesizing module 'people' (18#1) [C:/Users/zjd/police/police.srcs/sources_1/new/people.v:7]
INFO: [Synth 8-638] synthesizing module 'people__parameterized0' [C:/Users/zjd/police/police.srcs/sources_1/new/people.v:7]
	Parameter RANDOM bound to: 200000000 - type: integer 
	Parameter XMIN bound to: 315 - type: integer 
	Parameter YMIN bound to: 0 - type: integer 
	Parameter XMAX bound to: 640 - type: integer 
	Parameter YMAX bound to: 480 - type: integer 
	Parameter H_VELOCITY bound to: 1 - type: integer 
INFO: [Synth 8-256] done synthesizing module 'people__parameterized0' (18#1) [C:/Users/zjd/police/police.srcs/sources_1/new/people.v:7]
INFO: [Synth 8-638] synthesizing module 'people__parameterized1' [C:/Users/zjd/police/police.srcs/sources_1/new/people.v:7]
	Parameter RANDOM bound to: 300000000 - type: integer 
	Parameter XMIN bound to: 315 - type: integer 
	Parameter YMIN bound to: 0 - type: integer 
	Parameter XMAX bound to: 640 - type: integer 
	Parameter YMAX bound to: 480 - type: integer 
	Parameter H_VELOCITY bound to: 1 - type: integer 
INFO: [Synth 8-256] done synthesizing module 'people__parameterized1' (18#1) [C:/Users/zjd/police/police.srcs/sources_1/new/people.v:7]
INFO: [Synth 8-638] synthesizing module 'people__parameterized2' [C:/Users/zjd/police/police.srcs/sources_1/new/people.v:7]
	Parameter RANDOM bound to: 400000000 - type: integer 
	Parameter XMIN bound to: 315 - type: integer 
	Parameter YMIN bound to: 0 - type: integer 
	Parameter XMAX bound to: 640 - type: integer 
	Parameter YMAX bound to: 480 - type: integer 
	Parameter H_VELOCITY bound to: 1 - type: integer 
INFO: [Synth 8-256] done synthesizing module 'people__parameterized2' (18#1) [C:/Users/zjd/police/police.srcs/sources_1/new/people.v:7]
INFO: [Synth 8-638] synthesizing module 'people__parameterized3' [C:/Users/zjd/police/police.srcs/sources_1/new/people.v:7]
	Parameter RANDOM bound to: 500000000 - type: integer 
	Parameter XMIN bound to: 315 - type: integer 
	Parameter YMIN bound to: 0 - type: integer 
	Parameter XMAX bound to: 640 - type: integer 
	Parameter YMAX bound to: 480 - type: integer 
	Parameter H_VELOCITY bound to: 1 - type: integer 
INFO: [Synth 8-256] done synthesizing module 'people__parameterized3' (18#1) [C:/Users/zjd/police/police.srcs/sources_1/new/people.v:7]
INFO: [Synth 8-256] done synthesizing module 'vga_display' (19#1) [C:/Users/zjd/police/police.srcs/sources_1/new/vga_display.v:8]
INFO: [Synth 8-638] synthesizing module 'mouse' [C:/Users/zjd/police/police.srcs/sources_1/new/mouse.v:6]
	Parameter IDLE bound to: 4'b0000 
	Parameter SEND_RESET bound to: 4'b0001 
	Parameter WAIT_ACKNOWLEDGE1 bound to: 4'b0010 
	Parameter WAIT_SELF_TEST bound to: 4'b0011 
	Parameter WAIT_MOUSE_ID bound to: 4'b0100 
	Parameter ENABLE_DATA_REPORT bound to: 4'b0101 
	Parameter WAIT_ACKNOWLEDGE2 bound to: 4'b0110 
	Parameter GET_DATA1 bound to: 4'b0111 
	Parameter GET_DATA2 bound to: 4'b1000 
	Parameter GET_DATA3 bound to: 4'b1001 
INFO: [Synth 8-5534] Detected attribute (* dont_touch = "true" *) [C:/Users/zjd/police/police.srcs/sources_1/new/mouse.v:46]
INFO: [Synth 8-638] synthesizing module 'ps2_transmitter' [C:/Users/zjd/police/police.srcs/sources_1/new/ps2_transmitter.v:8]
	Parameter IDLE bound to: 4'b0000 
	Parameter WAIT_IO bound to: 4'b0001 
	Parameter DATA_IN bound to: 4'b0010 
	Parameter DATA_OUT bound to: 4'b0011 
	Parameter INITIALIZE bound to: 4'b0100 
INFO: [Synth 8-155] case statement is not full and has no default [C:/Users/zjd/police/police.srcs/sources_1/new/ps2_transmitter.v:64]
INFO: [Synth 8-256] done synthesizing module 'ps2_transmitter' (20#1) [C:/Users/zjd/police/police.srcs/sources_1/new/ps2_transmitter.v:8]
INFO: [Synth 8-155] case statement is not full and has no default [C:/Users/zjd/police/police.srcs/sources_1/new/mouse.v:155]
INFO: [Synth 8-256] done synthesizing module 'mouse' (21#1) [C:/Users/zjd/police/police.srcs/sources_1/new/mouse.v:6]
INFO: [Synth 8-638] synthesizing module 'sound' [C:/Users/zjd/police/police.srcs/sources_1/new/sound.v:22]
INFO: [Synth 8-256] done synthesizing module 'sound' (22#1) [C:/Users/zjd/police/police.srcs/sources_1/new/sound.v:22]
INFO: [Synth 8-638] synthesizing module 'siren' [C:/Users/zjd/police/police.srcs/sources_1/new/siren.v:23]
	Parameter cmd_cnt_max bound to: 4 - type: integer 
	Parameter INITIALIZE bound to: 3'b000 
	Parameter SEND_CMD bound to: 3'b001 
	Parameter CHECK bound to: 3'b010 
	Parameter DATA_SEND bound to: 3'b011 
	Parameter RSET_OVER bound to: 3'b100 
INFO: [Synth 8-638] synthesizing module 'Divider' [C:/Users/zjd/police/police.srcs/sources_1/new/Devider.v:23]
	Parameter N bound to: 100 - type: integer 
INFO: [Synth 8-256] done synthesizing module 'Divider' (23#1) [C:/Users/zjd/police/police.srcs/sources_1/new/Devider.v:23]
INFO: [Synth 8-638] synthesizing module 'blk_mem_gen_1' [C:/Users/zjd/police/.Xil/Vivado-6744-DESKTOP-KDKD7VR/realtime/blk_mem_gen_1_stub.v:6]
INFO: [Synth 8-256] done synthesizing module 'blk_mem_gen_1' (24#1) [C:/Users/zjd/police/.Xil/Vivado-6744-DESKTOP-KDKD7VR/realtime/blk_mem_gen_1_stub.v:6]
WARNING: [Synth 8-689] width (17) of port connection 'addra' does not match port width (18) of module 'blk_mem_gen_1' [C:/Users/zjd/police/police.srcs/sources_1/new/siren.v:48]
INFO: [Synth 8-638] synthesizing module 'blk_mem_gen_2' [C:/Users/zjd/police/.Xil/Vivado-6744-DESKTOP-KDKD7VR/realtime/blk_mem_gen_2_stub.v:6]
INFO: [Synth 8-256] done synthesizing module 'blk_mem_gen_2' (25#1) [C:/Users/zjd/police/.Xil/Vivado-6744-DESKTOP-KDKD7VR/realtime/blk_mem_gen_2_stub.v:6]
WARNING: [Synth 8-689] width (17) of port connection 'addra' does not match port width (18) of module 'blk_mem_gen_2' [C:/Users/zjd/police/police.srcs/sources_1/new/siren.v:49]
INFO: [Synth 8-256] done synthesizing module 'siren' (26#1) [C:/Users/zjd/police/police.srcs/sources_1/new/siren.v:23]
INFO: [Synth 8-256] done synthesizing module 'police_top' (27#1) [C:/Users/zjd/police/police.srcs/sources_1/new/police_top.v:7]
WARNING: [Synth 8-3331] design siren has unconnected port mp3_SO
WARNING: [Synth 8-3331] design road has unconnected port pixel_y[9]
WARNING: [Synth 8-3331] design road has unconnected port pixel_y[8]
WARNING: [Synth 8-3331] design road has unconnected port pixel_y[7]
WARNING: [Synth 8-3331] design road has unconnected port pixel_y[6]
WARNING: [Synth 8-3331] design road has unconnected port pixel_y[5]
WARNING: [Synth 8-3331] design road has unconnected port pixel_y[4]
WARNING: [Synth 8-3331] design road has unconnected port pixel_y[3]
WARNING: [Synth 8-3331] design road has unconnected port pixel_y[2]
WARNING: [Synth 8-3331] design road has unconnected port pixel_y[1]
WARNING: [Synth 8-3331] design road has unconnected port pixel_y[0]
WARNING: [Synth 8-3331] design cursor has unconnected port pause
WARNING: [Synth 8-3331] design cursor has unconnected port frame_refresh
WARNING: [Synth 8-3331] design game_over has unconnected port clk
WARNING: [Synth 8-3331] design game_over has unconnected port reset
WARNING: [Synth 8-3331] design start_text has unconnected port clk
WARNING: [Synth 8-3331] design start_text has unconnected port reset
WARNING: [Synth 8-3331] design speaker has unconnected port clk
WARNING: [Synth 8-3331] design speaker has unconnected port reset
WARNING: [Synth 8-3331] design siren2 has unconnected port clk
WARNING: [Synth 8-3331] design siren2 has unconnected port reset
WARNING: [Synth 8-3331] design siren1 has unconnected port clk
WARNING: [Synth 8-3331] design siren1 has unconnected port reset
WARNING: [Synth 8-3331] design score has unconnected port reset
WARNING: [Synth 8-3331] design score has unconnected port pause
WARNING: [Synth 8-3331] design paratitle has unconnected port clk
WARNING: [Synth 8-3331] design paratitle has unconnected port reset
WARNING: [Synth 8-3331] design title has unconnected port clk
WARNING: [Synth 8-3331] design title has unconnected port reset
WARNING: [Synth 8-3331] design text has unconnected port enter
WARNING: [Synth 8-3331] design vga_display has unconnected port RClick
---------------------------------------------------------------------------------
Finished RTL Elaboration : Time (s): cpu = 00:04:05 ; elapsed = 00:50:44 . Memory (MB): peak = 1187.258 ; gain = 979.934
---------------------------------------------------------------------------------

Report Check Netlist: 
+------+------------------+-------+---------+-------+------------------+
|      |Item              |Errors |Warnings |Status |Description       |
+------+------------------+-------+---------+-------+------------------+
|1     |multi_driven_nets |      0|        0|Passed |Multi driven nets |
+------+------------------+-------+---------+-------+------------------+
---------------------------------------------------------------------------------
Finished RTL Optimization Phase 1 : Time (s): cpu = 00:04:05 ; elapsed = 00:50:45 . Memory (MB): peak = 1187.258 ; gain = 979.934
---------------------------------------------------------------------------------
INFO: [Project 1-454] Reading design checkpoint 'c:/Users/zjd/police/police.srcs/sources_1/ip/blk_mem_gen_1/blk_mem_gen_1.dcp' for cell 'sirens/siren_1'
INFO: [Project 1-454] Reading design checkpoint 'c:/Users/zjd/police/police.srcs/sources_1/ip/blk_mem_gen_2/blk_mem_gen_2.dcp' for cell 'sirens/siren_2'
INFO: [Netlist 29-17] Analyzing 218 Unisim elements for replacement
INFO: [Netlist 29-28] Unisim Transformation completed in 0 CPU seconds
INFO: [Project 1-479] Netlist was created with Vivado 2016.2
INFO: [Device 21-403] Loading part xc7a100tcsg324-1
INFO: [Project 1-570] Preparing netlist for logic optimization
INFO: [Opt 31-140] Inserted 1 IBUFs to IO ports without IO buffers.
INFO: [Opt 31-141] Inserted 1 OBUFs to IO ports without IO buffers.

Processing XDC Constraints
Initializing timing engine
Parsing XDC File [C:/Users/zjd/police/police.srcs/constrs_1/new/police_xdc.xdc]
WARNING: [Vivado 12-584] No ports matched 'car_left'. [C:/Users/zjd/police/police.srcs/constrs_1/new/police_xdc.xdc:1]
WARNING: [Vivado 12-584] No ports matched 'car_right'. [C:/Users/zjd/police/police.srcs/constrs_1/new/police_xdc.xdc:2]
WARNING: [Vivado 12-584] No ports matched 'car_right'. [C:/Users/zjd/police/police.srcs/constrs_1/new/police_xdc.xdc:3]
WARNING: [Vivado 12-584] No ports matched 'car_left'. [C:/Users/zjd/police/police.srcs/constrs_1/new/police_xdc.xdc:4]
WARNING: [Vivado 12-584] No ports matched 'enter'. [C:/Users/zjd/police/police.srcs/constrs_1/new/police_xdc.xdc:6]
WARNING: [Vivado 12-584] No ports matched 'enter'. [C:/Users/zjd/police/police.srcs/constrs_1/new/police_xdc.xdc:14]
Finished Parsing XDC File [C:/Users/zjd/police/police.srcs/constrs_1/new/police_xdc.xdc]
WARNING: [Project 1-498] One or more constraints failed evaluation while reading constraint file [C:/Users/zjd/police/police.srcs/constrs_1/new/police_xdc.xdc] and the design contains unresolved black boxes. These constraints will be read post-synthesis (as long as their source constraint file is marked as used_in_implementation) and should be applied correctly then. You should review the constraints listed in the file [.Xil/police_top_propImpl.xdc] and check the run log file to verify that these constraints were correctly applied.
Completed Processing XDC Constraints

INFO: [Opt 31-138] Pushed 0 inverter(s) to 0 load pin(s).
INFO: [Project 1-111] Unisim Transformation Summary:
No Unisim elements were transformed.

RTL Elaboration Complete:  : Time (s): cpu = 00:04:26 ; elapsed = 00:51:09 . Memory (MB): peak = 1524.953 ; gain = 1317.629
79 Infos, 51 Warnings, 0 Critical Warnings and 0 Errors encountered.
synth_design completed successfully
synth_design: Time (s): cpu = 00:00:27 ; elapsed = 00:00:31 . Memory (MB): peak = 1524.953 ; gain = 418.660
set_property PROBES.FILE {} [lindex [get_hw_devices] 0]
set_property PROGRAM.FILE {C:/Users/zjd/police/police.runs/impl_1/police_top.bit} [lindex [get_hw_devices] 0]
program_hw_devices [lindex [get_hw_devices] 0]
INFO: [Labtools 27-3164] End of startup status: HIGH
refresh_hw_device [lindex [get_hw_devices] 0]
INFO: [Labtools 27-1434] Device xc7a100t (JTAG device index = 0) is programmed with a design that has no supported debug core(s) in it.
WARNING: [Labtools 27-3123] The debug hub core was not detected at User Scan Chain 1 or 3.
Resolution: 
1. Make sure the clock connected to the debug hub (dbg_hub) core is a free running clock and is active OR
2. Manually launch hw_server with -e "set xsdb-user-bscan <C_USER_SCAN_CHAIN scan_chain_number>" to detect the debug hub at User Scan Chain of 2 or 4. To determine the user scan chain setting, open the implemented design and use: get_property C_USER_SCAN_CHAIN [get_debug_cores dbg_hub].
update_compile_order -fileset sources_1
update_compile_order -fileset sources_1
reset_run synth_1
launch_runs impl_1 -to_step write_bitstream -jobs 4
[Tue Jan 07 08:32:04 2020] Launched synth_1...
Run output will be captured here: C:/Users/zjd/police/police.runs/synth_1/runme.log
[Tue Jan 07 08:32:04 2020] Launched impl_1...
Run output will be captured here: C:/Users/zjd/police/police.runs/impl_1/runme.log
set_property PROBES.FILE {} [lindex [get_hw_devices] 0]
set_property PROGRAM.FILE {C:/Users/zjd/police/police.runs/impl_1/police_top.bit} [lindex [get_hw_devices] 0]
program_hw_devices [lindex [get_hw_devices] 0]
INFO: [Labtools 27-3164] End of startup status: HIGH
refresh_hw_device [lindex [get_hw_devices] 0]
INFO: [Labtools 27-1434] Device xc7a100t (JTAG device index = 0) is programmed with a design that has no supported debug core(s) in it.
WARNING: [Labtools 27-3123] The debug hub core was not detected at User Scan Chain 1 or 3.
Resolution: 
1. Make sure the clock connected to the debug hub (dbg_hub) core is a free running clock and is active OR
2. Manually launch hw_server with -e "set xsdb-user-bscan <C_USER_SCAN_CHAIN scan_chain_number>" to detect the debug hub at User Scan Chain of 2 or 4. To determine the user scan chain setting, open the implemented design and use: get_property C_USER_SCAN_CHAIN [get_debug_cores dbg_hub].
remove_files C:/Users/zjd/police/police.srcs/sources_1/new/111.v
file delete -force C:/Users/zjd/police/police.srcs/sources_1/new/111.v
ERROR: [Labtoolstcl 44-513] HW Target shutdown. Closing target: localhost:3121/xilinx_tcf/Digilent/210292709808A
INFO: [Labtoolstcl 44-466] Opening hw_target localhost:3121/xilinx_tcf/Digilent/210292709808A
INFO: [Labtools 27-1435] Device xc7a100t (JTAG device index = 0) is not programmed (DONE status = 0).
set_property PROBES.FILE {} [lindex [get_hw_devices] 0]
set_property PROGRAM.FILE {C:/Users/zjd/police/police.runs/impl_1/police_top.bit} [lindex [get_hw_devices] 0]
program_hw_devices [lindex [get_hw_devices] 0]
INFO: [Labtools 27-3164] End of startup status: HIGH
refresh_hw_device [lindex [get_hw_devices] 0]
INFO: [Labtools 27-1434] Device xc7a100t (JTAG device index = 0) is programmed with a design that has no supported debug core(s) in it.
WARNING: [Labtools 27-3123] The debug hub core was not detected at User Scan Chain 1 or 3.
Resolution: 
1. Make sure the clock connected to the debug hub (dbg_hub) core is a free running clock and is active OR
2. Manually launch hw_server with -e "set xsdb-user-bscan <C_USER_SCAN_CHAIN scan_chain_number>" to detect the debug hub at User Scan Chain of 2 or 4. To determine the user scan chain setting, open the implemented design and use: get_property C_USER_SCAN_CHAIN [get_debug_cores dbg_hub].
ERROR: [Labtoolstcl 44-513] HW Target shutdown. Closing target: localhost:3121/xilinx_tcf/Digilent/210292709808A
exit
INFO: [Common 17-206] Exiting Vivado at Tue Jan 07 11:45:12 2020...
